0 0 919 2 0 41 0 1 322 1 2 159 3 0 910 1 1 414
2 0 20 1 1 207 0 1 161 3 0 455 1 2 80 0 0 460
0 0 230 0 1 81 1 2 40 3 0 227 2 0 10 1 1 104
0 0 115 3 1 65 1 1 52 0 1 40 1 0 995 1 3 727
3 1 32 0 0 57 0 1 20 1 1 26 1 3 364 1 0 497
3 1 16 4 0 924 1 4 6 1 3 182 3 0 114 2 0 5 1 0 249
1 4 3 1 0 124 3 1 8 3 0 57 1 3 91 4 0 462 2 0 3
3 0 28 2 1 867 1 3 45 1 1 13 1 4 1 1 2 20 0 0 29
1 0 62 1 4 1 3 0 14 3 1 4 2 0 1 4 0 231
4 0 116 2 1 434 1 3 23 0 1 10 2 0 1 1 0 31 0 0 14
3 1 2 0 0 7 0 1 5 1 1 6 1 0 16 1 3 11
1 2 10 2 1 217 4 0 58 3 0 7 3 1 1 1 0 8 1 3 6
0 0 4 1 2 5 3 0 4 1 1 3 0 1 3
0 1 1 3 1 1 3 0 2 1 1 2 0 0 2 1 3 3 1 0 4
0 0 1 1 2 2 2 1 108 1 3 1 1 1 1 4 0 29 1 0 2 3 0 1
2 1 54 1 2 1 1 0 1 1 3 1 0 1 1 4 0 14
1 2 1 2 1 27 4 0 7
2 1 14 4 0 4
2 1 7 4 0 2
2 1 3 4 0 1
2 1 2
2 1 1


















































































































































































































































































































































































































































































































































































































































































































































































































































































































































































































